C51 COMPILER V9.03   LCD_LCDPORT                                                           03/09/2016 17:02:52 PAGE 1   


C51 COMPILER V9.03, COMPILATION OF MODULE LCD_LCDPORT
OBJECT MODULE PLACED IN .\DP8051_Keil_903\Debug\LCD_LCDPort.obj
COMPILER INVOKED BY: C:\Program Files (x86)\Cypress\PSoC Creator\2.2\PSoC Creator\import\keil\pk51\9.03\C51\BIN\c51.exe 
                    -.\Generated_Source\PSoC3\LCD_LCDPort.c NOIV LARGE MODDP2 OMF2 VB(1) PR(.\DP8051_Keil_903\Debug\LCD_LCDPort.lst) DB NOIP 
                    -OT(5,SIZE) INCDIR(Generated_Source\PSoC3) OJ(.\DP8051_Keil_903\Debug\LCD_LCDPort.obj)

line level    source

   1          /*******************************************************************************
   2          * File Name: LCD_LCDPort.c  
   3          * Version 1.80
   4          *
   5          * Description:
   6          *  This file contains API to enable firmware control of a Pins component.
   7          *
   8          * Note:
   9          *
  10          ********************************************************************************
  11          * Copyright 2008-2012, Cypress Semiconductor Corporation.  All rights reserved.
  12          * You may use this file only in accordance with the license, terms, conditions, 
  13          * disclaimers, and limitations in the end user license agreement accompanying 
  14          * the software package with which this file was provided.
  15          *******************************************************************************/
  16          
  17          #include "cytypes.h"
  18          #include "LCD_LCDPort.h"
  19          
  20          
  21          /*******************************************************************************
  22          * Function Name: LCD_LCDPort_Write
  23          ********************************************************************************
  24          *
  25          * Summary:
  26          *  Assign a new value to the digital port's data output register.  
  27          *
  28          * Parameters:  
  29          *  prtValue:  The value to be assigned to the Digital Port. 
  30          *
  31          * Return: 
  32          *  None 
  33          *  
  34          *******************************************************************************/
  35          void LCD_LCDPort_Write(uint8 value) 
  36          {
  37   1          uint8 staticBits = (LCD_LCDPort_DR & (uint8)(~LCD_LCDPort_MASK));
  38   1          LCD_LCDPort_DR = staticBits | ((uint8)(value << LCD_LCDPort_SHIFT) & LCD_LCDPort_MASK);
  39   1      }
  40          
  41          
  42          /*******************************************************************************
  43          * Function Name: LCD_LCDPort_SetDriveMode
  44          ********************************************************************************
  45          *
  46          * Summary:
  47          *  Change the drive mode on the pins of the port.
  48          * 
  49          * Parameters:  
  50          *  mode:  Change the pins to this drive mode.
  51          *
  52          * Return: 
  53          *  None
C51 COMPILER V9.03   LCD_LCDPORT                                                           03/09/2016 17:02:52 PAGE 2   

  54          *
  55          *******************************************************************************/
  56          void LCD_LCDPort_SetDriveMode(uint8 mode) 
  57          {
  58   1              CyPins_SetPinDriveMode(LCD_LCDPort_0, mode);
  59   1              CyPins_SetPinDriveMode(LCD_LCDPort_1, mode);
  60   1              CyPins_SetPinDriveMode(LCD_LCDPort_2, mode);
  61   1              CyPins_SetPinDriveMode(LCD_LCDPort_3, mode);
  62   1              CyPins_SetPinDriveMode(LCD_LCDPort_4, mode);
  63   1              CyPins_SetPinDriveMode(LCD_LCDPort_5, mode);
  64   1              CyPins_SetPinDriveMode(LCD_LCDPort_6, mode);
  65   1      }
  66          
  67          
  68          /*******************************************************************************
  69          * Function Name: LCD_LCDPort_Read
  70          ********************************************************************************
  71          *
  72          * Summary:
  73          *  Read the current value on the pins of the Digital Port in right justified 
  74          *  form.
  75          *
  76          * Parameters:  
  77          *  None 
  78          *
  79          * Return: 
  80          *  Returns the current value of the Digital Port as a right justified number
  81          *  
  82          * Note:
  83          *  Macro LCD_LCDPort_ReadPS calls this function. 
  84          *  
  85          *******************************************************************************/
  86          uint8 LCD_LCDPort_Read(void) 
  87          {
  88   1          return (LCD_LCDPort_PS & LCD_LCDPort_MASK) >> LCD_LCDPort_SHIFT;
  89   1      }
  90          
  91          
  92          /*******************************************************************************
  93          * Function Name: LCD_LCDPort_ReadDataReg
  94          ********************************************************************************
  95          *
  96          * Summary:
  97          *  Read the current value assigned to a Digital Port's data output register
  98          *
  99          * Parameters:  
 100          *  None 
 101          *
 102          * Return: 
 103          *  Returns the current value assigned to the Digital Port's data output register
 104          *  
 105          *******************************************************************************/
 106          uint8 LCD_LCDPort_ReadDataReg(void) 
 107          {
 108   1          return (LCD_LCDPort_DR & LCD_LCDPort_MASK) >> LCD_LCDPort_SHIFT;
 109   1      }
 110          
 111          
 112          /* If Interrupts Are Enabled for this Pins component */ 
 113          #if defined(LCD_LCDPort_INTSTAT) 
              
                  /*******************************************************************************
C51 COMPILER V9.03   LCD_LCDPORT                                                           03/09/2016 17:02:52 PAGE 3   

                  * Function Name: LCD_LCDPort_ClearInterrupt
                  ********************************************************************************
                  *
                  * Summary:
                  *  Clears any active interrupts attached to port and returns the value of the 
                  *  interrupt status register.
                  *
                  * Parameters:  
                  *  None 
                  *
                  * Return: 
                  *  Returns the value of the interrupt status register
                  *  
                  *******************************************************************************/
                  uint8 LCD_LCDPort_ClearInterrupt(void) 
                  {
                      return (LCD_LCDPort_INTSTAT & LCD_LCDPort_MASK) >> LCD_LCDPort_SHIFT;
                  }
              
              #endif /* If Interrupts Are Enabled for this Pins component */ 
 136          
 137          
 138          /* [] END OF FILE */


MODULE INFORMATION:   STATIC OVERLAYABLE
   CODE SIZE        =     90    ----
   CONSTANT SIZE    =   ----    ----
   XDATA SIZE       =   ----    ----
   PDATA SIZE       =   ----    ----
   DATA SIZE        =   ----    ----
   IDATA SIZE       =   ----    ----
   BIT SIZE         =   ----    ----
   EDATA SIZE       =   ----    ----
   HDATA SIZE       =   ----    ----
   XDATA CONST SIZE =   ----    ----
   FAR CONST SIZE   =   ----    ----
END OF MODULE INFORMATION.


C51 COMPILATION COMPLETE.  0 WARNING(S),  0 ERROR(S)
