C51 COMPILER V9.03   UTILS                                                                 03/09/2016 17:02:50 PAGE 1   


C51 COMPILER V9.03, COMPILATION OF MODULE UTILS
OBJECT MODULE PLACED IN .\DP8051_Keil_903\Debug\utils.obj
COMPILER INVOKED BY: C:\Program Files (x86)\Cypress\PSoC Creator\2.2\PSoC Creator\import\keil\pk51\9.03\C51\BIN\c51.exe 
                    -.\utils.c NOIV LARGE MODDP2 OMF2 VB(1) PR(.\DP8051_Keil_903\Debug\utils.lst) DB NOIP OT(5,SIZE) INCDIR(Generated_Source\
                    -PSoC3) OJ(.\DP8051_Keil_903\Debug\utils.obj)

line level    source

   1          /*******************************************************************************
   2          * File Name: utils.c
   3          *
   4          * Version: 3.10
   5          *
   6          * Description:
   7          *  This is source code library for the datasheet example project of the
   8          *  Real Time Clock (RTC) component.
   9          *
  10          ********************************************************************************
  11          * Copyright 2012, Cypress Semiconductor Corporation. All rights reserved.
  12          * This software is owned by Cypress Semiconductor Corporation and is protected
  13          * by and subject to worldwide patent and copyright laws and treaties.
  14          * Therefore, you may use this software only as provided in the license agreement
  15          * accompanying the software package from which you obtained this software.
  16          * CYPRESS AND ITS SUPPLIERS MAKE NO WARRANTY OF ANY KIND, EXPRESS OR IMPLIED,
  17          * WITH REGARD TO THIS SOFTWARE, INCLUDING, BUT NOT LIMITED TO, NONINFRINGEMENT,
  18          * IMPLIED WARRANTIES OF MERCHANTABILITY AND FITNESS FOR A PARTICULAR PURPOSE.
  19          *******************************************************************************/
  20          
  21          #include "utils.h"
  22          #include <device.h>
  23          
  24          
  25          /*******************************************************************************
  26          * Function Name: PrintDecNumber
  27          ********************************************************************************
  28          *
  29          * Summary:
  30          *  Prints decimal value of the number at a specified row and column of
  31          *  LCD character display named LCD.
  32          *
  33          * Parameters:
  34          *  uint8 num - Number to be printed.
  35          *  uint8 row - Display row where to print.
  36          *  uint8 col - Display column where to print.
  37          *
  38          * Return:
  39          *  None.
  40          *
  41          *******************************************************************************/
  42          void PrintDecNumber(uint8 num, uint8 row, uint8 col) CYREENTRANT
  43          {
  44   1          uint8 tmp1 = 0u;
  45   1          uint8 tmp10 = 0u;
  46   1          LCD_Position(row, col + 1u);
  47   1      
  48   1          tmp1 = num % 10u;
  49   1          LCD_PutChar(tmp1 + 0x30u);
  50   1      
  51   1          tmp10 = num / 10u;
  52   1      
  53   1          LCD_Position(row, col);
C51 COMPILER V9.03   UTILS                                                                 03/09/2016 17:02:50 PAGE 2   

  54   1          LCD_PutChar(tmp10 + 0x30u);
  55   1      }
  56          
  57          
  58          /* [] END OF FILE */


MODULE INFORMATION:   STATIC OVERLAYABLE
   CODE SIZE        =    162    ----
   CONSTANT SIZE    =   ----    ----
   XDATA SIZE       =   ----    ----
   PDATA SIZE       =   ----    ----
   DATA SIZE        =   ----    ----
   IDATA SIZE       =   ----    ----
   BIT SIZE         =   ----    ----
   EDATA SIZE       =   ----    ----
   HDATA SIZE       =   ----    ----
   XDATA CONST SIZE =   ----    ----
   FAR CONST SIZE   =   ----    ----
END OF MODULE INFORMATION.


C51 COMPILATION COMPLETE.  0 WARNING(S),  0 ERROR(S)
