C51 COMPILER V9.03   LED3_P6_2                                                             03/09/2016 17:02:34 PAGE 1   


C51 COMPILER V9.03, COMPILATION OF MODULE LED3_P6_2
OBJECT MODULE PLACED IN .\DP8051_Keil_903\Debug\LED3_P6_2.obj
COMPILER INVOKED BY: C:\Program Files (x86)\Cypress\PSoC Creator\2.2\PSoC Creator\import\keil\pk51\9.03\C51\BIN\c51.exe 
                    -.\Generated_Source\PSoC3\LED3_P6_2.c NOIV LARGE MODDP2 OMF2 VB(1) PR(.\DP8051_Keil_903\Debug\LED3_P6_2.lst) DB NOIP OT(5
                    -,SIZE) INCDIR(Generated_Source\PSoC3) OJ(.\DP8051_Keil_903\Debug\LED3_P6_2.obj)

line level    source

   1          /*******************************************************************************
   2          * File Name: LED3_P6_2.c  
   3          * Version 1.80
   4          *
   5          * Description:
   6          *  This file contains API to enable firmware control of a Pins component.
   7          *
   8          * Note:
   9          *
  10          ********************************************************************************
  11          * Copyright 2008-2012, Cypress Semiconductor Corporation.  All rights reserved.
  12          * You may use this file only in accordance with the license, terms, conditions, 
  13          * disclaimers, and limitations in the end user license agreement accompanying 
  14          * the software package with which this file was provided.
  15          *******************************************************************************/
  16          
  17          #include "cytypes.h"
  18          #include "LED3_P6_2.h"
  19          
  20          
  21          /*******************************************************************************
  22          * Function Name: LED3_P6_2_Write
  23          ********************************************************************************
  24          *
  25          * Summary:
  26          *  Assign a new value to the digital port's data output register.  
  27          *
  28          * Parameters:  
  29          *  prtValue:  The value to be assigned to the Digital Port. 
  30          *
  31          * Return: 
  32          *  None 
  33          *  
  34          *******************************************************************************/
  35          void LED3_P6_2_Write(uint8 value) 
  36          {
  37   1          uint8 staticBits = (LED3_P6_2_DR & (uint8)(~LED3_P6_2_MASK));
  38   1          LED3_P6_2_DR = staticBits | ((uint8)(value << LED3_P6_2_SHIFT) & LED3_P6_2_MASK);
  39   1      }
  40          
  41          
  42          /*******************************************************************************
  43          * Function Name: LED3_P6_2_SetDriveMode
  44          ********************************************************************************
  45          *
  46          * Summary:
  47          *  Change the drive mode on the pins of the port.
  48          * 
  49          * Parameters:  
  50          *  mode:  Change the pins to this drive mode.
  51          *
  52          * Return: 
  53          *  None
C51 COMPILER V9.03   LED3_P6_2                                                             03/09/2016 17:02:34 PAGE 2   

  54          *
  55          *******************************************************************************/
  56          void LED3_P6_2_SetDriveMode(uint8 mode) 
  57          {
  58   1              CyPins_SetPinDriveMode(LED3_P6_2_0, mode);
  59   1      }
  60          
  61          
  62          /*******************************************************************************
  63          * Function Name: LED3_P6_2_Read
  64          ********************************************************************************
  65          *
  66          * Summary:
  67          *  Read the current value on the pins of the Digital Port in right justified 
  68          *  form.
  69          *
  70          * Parameters:  
  71          *  None 
  72          *
  73          * Return: 
  74          *  Returns the current value of the Digital Port as a right justified number
  75          *  
  76          * Note:
  77          *  Macro LED3_P6_2_ReadPS calls this function. 
  78          *  
  79          *******************************************************************************/
  80          uint8 LED3_P6_2_Read(void) 
  81          {
  82   1          return (LED3_P6_2_PS & LED3_P6_2_MASK) >> LED3_P6_2_SHIFT;
  83   1      }
  84          
  85          
  86          /*******************************************************************************
  87          * Function Name: LED3_P6_2_ReadDataReg
  88          ********************************************************************************
  89          *
  90          * Summary:
  91          *  Read the current value assigned to a Digital Port's data output register
  92          *
  93          * Parameters:  
  94          *  None 
  95          *
  96          * Return: 
  97          *  Returns the current value assigned to the Digital Port's data output register
  98          *  
  99          *******************************************************************************/
 100          uint8 LED3_P6_2_ReadDataReg(void) 
 101          {
 102   1          return (LED3_P6_2_DR & LED3_P6_2_MASK) >> LED3_P6_2_SHIFT;
 103   1      }
 104          
 105          
 106          /* If Interrupts Are Enabled for this Pins component */ 
 107          #if defined(LED3_P6_2_INTSTAT) 
              
                  /*******************************************************************************
                  * Function Name: LED3_P6_2_ClearInterrupt
                  ********************************************************************************
                  *
                  * Summary:
                  *  Clears any active interrupts attached to port and returns the value of the 
                  *  interrupt status register.
C51 COMPILER V9.03   LED3_P6_2                                                             03/09/2016 17:02:34 PAGE 3   

                  *
                  * Parameters:  
                  *  None 
                  *
                  * Return: 
                  *  Returns the value of the interrupt status register
                  *  
                  *******************************************************************************/
                  uint8 LED3_P6_2_ClearInterrupt(void) 
                  {
                      return (LED3_P6_2_INTSTAT & LED3_P6_2_MASK) >> LED3_P6_2_SHIFT;
                  }
              
              #endif /* If Interrupts Are Enabled for this Pins component */ 
 130          
 131          
 132          /* [] END OF FILE */


MODULE INFORMATION:   STATIC OVERLAYABLE
   CODE SIZE        =     68    ----
   CONSTANT SIZE    =   ----    ----
   XDATA SIZE       =   ----    ----
   PDATA SIZE       =   ----    ----
   DATA SIZE        =   ----    ----
   IDATA SIZE       =   ----    ----
   BIT SIZE         =   ----    ----
   EDATA SIZE       =   ----    ----
   HDATA SIZE       =   ----    ----
   XDATA CONST SIZE =   ----    ----
   FAR CONST SIZE   =   ----    ----
END OF MODULE INFORMATION.


C51 COMPILATION COMPLETE.  0 WARNING(S),  0 ERROR(S)
